<?xml version="1.0" encoding="UTF-8"?>
<!-- Generated by org.testng.reporters.JUnitXMLReporter -->
<testsuite hostname="PPRIKQ-PC" ignored="0" name="Meal Item Test" tests="3" failures="0" timestamp="2020-10-02T16:07:30 CEST" time="19.971" errors="0">
  <testcase name="AddMealToCart" time="16.863" classname="tests.MealItemTest"/>
  <testcase name="AddMealToFavorite" time="0.0" classname="tests.MealItemTest">
    <skipped/>
  </testcase> <!-- AddMealToFavorite -->
  <testcase name="ClearCart" time="0.0" classname="tests.MealItemTest">
    <skipped/>
  </testcase> <!-- ClearCart -->
</testsuite> <!-- Meal Item Test -->
