<?xml version="1.0" encoding="UTF-8"?>
<!-- Generated by org.testng.reporters.JUnitXMLReporter -->
<testsuite hostname="PPRIKQ-PC" ignored="0" name="Search Test" tests="1" failures="0" timestamp="2020-10-02T16:10:02 CEST" time="151.933" errors="0">
  <testcase name="@AfterMethod afterTest" time="-1.601647802281E9" classname="tests.BasicTest">
    <failure type="org.testng.TestNGException" message="
Can inject only one of &amp;lt;ITestContext, XmlTest, Method, Object[], ITestResult&amp;gt; into a @AfterMethod annotated afterTest.
For more information on native dependency injection please refer to http://testng.org/doc/documentation-main.html#native-dependency-injection">
      <![CDATA[org.testng.TestNGException: 
Can inject only one of <ITestContext, XmlTest, Method, Object[], ITestResult> into a @AfterMethod annotated afterTest.
For more information on native dependency injection please refer to http://testng.org/doc/documentation-main.html#native-dependency-injection
at java.util.ArrayList.forEach(Unknown Source)
... Removed 29 stack frames]]>
    </failure>
  </testcase> <!-- @AfterMethod afterTest -->
  <testcase name="@AfterClass afterClass" time="-1.601647802289E9" classname="tests.BasicTest">
    <skipped/>
  </testcase> <!-- @AfterClass afterClass -->
  <testcase name="search_results_test" time="148.533" classname="tests.SearchTest"/>
</testsuite> <!-- Search Test -->
